Determining if the pthread_create exist failed with the following output:
Change Dir: /home/erlendb/Programmering/Master/test_ws/build/CMakeFiles/CMakeTmp

Run Build Command:"/usr/bin/make" "cmTC_ee77b/fast"
/usr/bin/make -f CMakeFiles/cmTC_ee77b.dir/build.make CMakeFiles/cmTC_ee77b.dir/build
make[1]: Entering directory '/home/erlendb/Programmering/Master/test_ws/build/CMakeFiles/CMakeTmp'
Building C object CMakeFiles/cmTC_ee77b.dir/CheckSymbolExists.c.o
/usr/bin/cc    -o CMakeFiles/cmTC_ee77b.dir/CheckSymbolExists.c.o   -c /home/erlendb/Programmering/Master/test_ws/build/CMakeFiles/CMakeTmp/CheckSymbolExists.c
Linking C executable cmTC_ee77b
/opt/clion-2019.1/bin/cmake/linux/bin/cmake -E cmake_link_script CMakeFiles/cmTC_ee77b.dir/link.txt --verbose=1
/usr/bin/cc      -rdynamic CMakeFiles/cmTC_ee77b.dir/CheckSymbolExists.c.o  -o cmTC_ee77b 
CMakeFiles/cmTC_ee77b.dir/CheckSymbolExists.c.o: In function `main':
CheckSymbolExists.c:(.text+0x16): undefined reference to `pthread_create'
collect2: error: ld returned 1 exit status
CMakeFiles/cmTC_ee77b.dir/build.make:86: recipe for target 'cmTC_ee77b' failed
make[1]: *** [cmTC_ee77b] Error 1
make[1]: Leaving directory '/home/erlendb/Programmering/Master/test_ws/build/CMakeFiles/CMakeTmp'
Makefile:121: recipe for target 'cmTC_ee77b/fast' failed
make: *** [cmTC_ee77b/fast] Error 2

File /home/erlendb/Programmering/Master/test_ws/build/CMakeFiles/CMakeTmp/CheckSymbolExists.c:
/* */
#include <pthread.h>

int main(int argc, char** argv)
{
  (void)argv;
#ifndef pthread_create
  return ((int*)(&pthread_create))[argc];
#else
  (void)argc;
  return 0;
#endif
}

Determining if the function pthread_create exists in the pthreads failed with the following output:
Change Dir: /home/erlendb/Programmering/Master/test_ws/build/CMakeFiles/CMakeTmp

Run Build Command:"/usr/bin/make" "cmTC_6a4d6/fast"
/usr/bin/make -f CMakeFiles/cmTC_6a4d6.dir/build.make CMakeFiles/cmTC_6a4d6.dir/build
make[1]: Entering directory '/home/erlendb/Programmering/Master/test_ws/build/CMakeFiles/CMakeTmp'
Building C object CMakeFiles/cmTC_6a4d6.dir/CheckFunctionExists.c.o
/usr/bin/cc   -DCHECK_FUNCTION_EXISTS=pthread_create   -o CMakeFiles/cmTC_6a4d6.dir/CheckFunctionExists.c.o   -c /opt/clion-2019.1/bin/cmake/linux/share/cmake-3.13/Modules/CheckFunctionExists.c
Linking C executable cmTC_6a4d6
/opt/clion-2019.1/bin/cmake/linux/bin/cmake -E cmake_link_script CMakeFiles/cmTC_6a4d6.dir/link.txt --verbose=1
/usr/bin/cc  -DCHECK_FUNCTION_EXISTS=pthread_create    -rdynamic CMakeFiles/cmTC_6a4d6.dir/CheckFunctionExists.c.o  -o cmTC_6a4d6 -lpthreads 
/usr/bin/ld: cannot find -lpthreads
collect2: error: ld returned 1 exit status
CMakeFiles/cmTC_6a4d6.dir/build.make:86: recipe for target 'cmTC_6a4d6' failed
make[1]: *** [cmTC_6a4d6] Error 1
make[1]: Leaving directory '/home/erlendb/Programmering/Master/test_ws/build/CMakeFiles/CMakeTmp'
Makefile:121: recipe for target 'cmTC_6a4d6/fast' failed
make: *** [cmTC_6a4d6/fast] Error 2


