Determining if the pthread_create exist failed with the following output:
Change Dir: /home/erlendb/Programmering/Master/test_ws/src/cmake-build-debug/CMakeFiles/CMakeTmp

Run Build Command:"/usr/bin/make" "cmTC_9cb4d/fast"
/usr/bin/make -f CMakeFiles/cmTC_9cb4d.dir/build.make CMakeFiles/cmTC_9cb4d.dir/build
make[1]: Entering directory '/home/erlendb/Programmering/Master/test_ws/src/cmake-build-debug/CMakeFiles/CMakeTmp'
Building C object CMakeFiles/cmTC_9cb4d.dir/CheckSymbolExists.c.o
/usr/bin/cc    -o CMakeFiles/cmTC_9cb4d.dir/CheckSymbolExists.c.o   -c /home/erlendb/Programmering/Master/test_ws/src/cmake-build-debug/CMakeFiles/CMakeTmp/CheckSymbolExists.c
Linking C executable cmTC_9cb4d
/opt/clion-2019.1/bin/cmake/linux/bin/cmake -E cmake_link_script CMakeFiles/cmTC_9cb4d.dir/link.txt --verbose=1
/usr/bin/cc      -rdynamic CMakeFiles/cmTC_9cb4d.dir/CheckSymbolExists.c.o  -o cmTC_9cb4d 
CMakeFiles/cmTC_9cb4d.dir/CheckSymbolExists.c.o: In function `main':
CheckSymbolExists.c:(.text+0x16): undefined reference to `pthread_create'
collect2: error: ld returned 1 exit status
CMakeFiles/cmTC_9cb4d.dir/build.make:86: recipe for target 'cmTC_9cb4d' failed
make[1]: *** [cmTC_9cb4d] Error 1
make[1]: Leaving directory '/home/erlendb/Programmering/Master/test_ws/src/cmake-build-debug/CMakeFiles/CMakeTmp'
Makefile:121: recipe for target 'cmTC_9cb4d/fast' failed
make: *** [cmTC_9cb4d/fast] Error 2

File /home/erlendb/Programmering/Master/test_ws/src/cmake-build-debug/CMakeFiles/CMakeTmp/CheckSymbolExists.c:
/* */
#include <pthread.h>

int main(int argc, char** argv)
{
  (void)argv;
#ifndef pthread_create
  return ((int*)(&pthread_create))[argc];
#else
  (void)argc;
  return 0;
#endif
}

Determining if the function pthread_create exists in the pthreads failed with the following output:
Change Dir: /home/erlendb/Programmering/Master/test_ws/src/cmake-build-debug/CMakeFiles/CMakeTmp

Run Build Command:"/usr/bin/make" "cmTC_c9e0f/fast"
/usr/bin/make -f CMakeFiles/cmTC_c9e0f.dir/build.make CMakeFiles/cmTC_c9e0f.dir/build
make[1]: Entering directory '/home/erlendb/Programmering/Master/test_ws/src/cmake-build-debug/CMakeFiles/CMakeTmp'
Building C object CMakeFiles/cmTC_c9e0f.dir/CheckFunctionExists.c.o
/usr/bin/cc   -DCHECK_FUNCTION_EXISTS=pthread_create   -o CMakeFiles/cmTC_c9e0f.dir/CheckFunctionExists.c.o   -c /opt/clion-2019.1/bin/cmake/linux/share/cmake-3.13/Modules/CheckFunctionExists.c
Linking C executable cmTC_c9e0f
/opt/clion-2019.1/bin/cmake/linux/bin/cmake -E cmake_link_script CMakeFiles/cmTC_c9e0f.dir/link.txt --verbose=1
/usr/bin/cc  -DCHECK_FUNCTION_EXISTS=pthread_create    -rdynamic CMakeFiles/cmTC_c9e0f.dir/CheckFunctionExists.c.o  -o cmTC_c9e0f -lpthreads 
/usr/bin/ld: cannot find -lpthreads
collect2: error: ld returned 1 exit status
CMakeFiles/cmTC_c9e0f.dir/build.make:86: recipe for target 'cmTC_c9e0f' failed
make[1]: *** [cmTC_c9e0f] Error 1
make[1]: Leaving directory '/home/erlendb/Programmering/Master/test_ws/src/cmake-build-debug/CMakeFiles/CMakeTmp'
Makefile:121: recipe for target 'cmTC_c9e0f/fast' failed
make: *** [cmTC_c9e0f/fast] Error 2


